Using pre-set license
Built from '2020.3/staging' branch; Version is '2020.3.20f1 (41c4e627c95f) revision 4310246'; Using compiler version '192528614'; Build Type 'Release'
OS: 'Windows 10 Pro; OS build 22000.438; Version 2009; 64bit' Language: 'en' Physical Memory: 16309 MB
BatchMode: 1, IsHumanControllingUs: 0, StartBugReporterOnCrash: 0, Is64bit: 1, IsPro: 0

COMMAND LINE ARGUMENTS:
C:\Program Files\Unity\Hub\Editor\2020.3.20f1\Editor\Unity.exe
-adb2
-batchMode
-noUpm
-name
AssetImportWorker0
-projectPath
H:/Unity/Puzzle Game/Puzzle-Game/Puzzle-Game
-logFile
Logs/AssetImportWorker0.log
-srvPort
53326
Successfully changed project path to: H:/Unity/Puzzle Game/Puzzle-Game/Puzzle-Game
H:/Unity/Puzzle Game/Puzzle-Game/Puzzle-Game
Using Asset Import Pipeline V2.
Refreshing native plugins compatible for Editor in 36.68 ms, found 3 plugins.
Preloading 0 native plugins for Editor in 0.00 ms.
Initialize engine version: 2020.3.20f1 (41c4e627c95f)
[Subsystems] Discovering subsystems at path C:/Program Files/Unity/Hub/Editor/2020.3.20f1/Editor/Data/Resources/UnitySubsystems
[Subsystems] Discovering subsystems at path H:/Unity/Puzzle Game/Puzzle-Game/Puzzle-Game/Assets
GfxDevice: creating device client; threaded=0
Direct3D:
    Version:  Direct3D 11.0 [level 11.1]
    Renderer: NVIDIA GeForce RTX 2060 SUPER (ID=0x1f06)
    Vendor:   
    VRAM:     8031 MB
    Driver:   30.0.15.1123
Initialize mono
Mono path[0] = 'C:/Program Files/Unity/Hub/Editor/2020.3.20f1/Editor/Data/Managed'
Mono path[1] = 'C:/Program Files/Unity/Hub/Editor/2020.3.20f1/Editor/Data/MonoBleedingEdge/lib/mono/unityjit'
Mono config path = 'C:/Program Files/Unity/Hub/Editor/2020.3.20f1/Editor/Data/MonoBleedingEdge/etc'
Using monoOptions --debugger-agent=transport=dt_socket,embedding=1,server=y,suspend=n,address=127.0.0.1:56204
Begin MonoManager ReloadAssembly
Registering precompiled unity dll's ...
Register platform support module: C:/Program Files/Unity/Hub/Editor/2020.3.20f1/Editor/Data/PlaybackEngines/WebGLSupport/UnityEditor.WebGL.Extensions.dll
Register platform support module: C:/Program Files/Unity/Hub/Editor/2020.3.20f1/Editor/Data/PlaybackEngines/WindowsStandaloneSupport/UnityEditor.WindowsStandalone.Extensions.dll
Registered in 0.001504 seconds.
Native extension for WindowsStandalone target not found
Native extension for WebGL target not found
Refreshing native plugins compatible for Editor in 39.27 ms, found 3 plugins.
Preloading 0 native plugins for Editor in 0.00 ms.
Mono: successfully reloaded assembly
- Completed reload, in  1.008 seconds
Domain Reload Profiling:
	ReloadAssembly (1008ms)
		BeginReloadAssembly (43ms)
			ExecutionOrderSort (0ms)
			DisableScriptedObjects (0ms)
			BackupInstance (0ms)
			ReleaseScriptingObjects (0ms)
			CreateAndSetChildDomain (1ms)
		EndReloadAssembly (356ms)
			LoadAssemblies (42ms)
			RebuildTransferFunctionScriptingTraits (0ms)
			SetupTypeCache (127ms)
			ReleaseScriptCaches (0ms)
			RebuildScriptCaches (25ms)
			SetupLoadedEditorAssemblies (145ms)
				LogAssemblyErrors (0ms)
				InitializePlatformSupportModulesInManaged (4ms)
				SetLoadedEditorAssemblies (0ms)
				RefreshPlugins (39ms)
				BeforeProcessingInitializeOnLoad (12ms)
				ProcessInitializeOnLoadAttributes (66ms)
				ProcessInitializeOnLoadMethodAttributes (24ms)
				AfterProcessingInitializeOnLoad (0ms)
				EditorAssembliesLoaded (0ms)
			ExecutionOrderSort2 (0ms)
			AwakeInstancesAfterBackupRestoration (0ms)
Platform modules already initialized, skipping
Registering precompiled user dll's ...
Registered in 0.002143 seconds.
Begin MonoManager ReloadAssembly
Native extension for WindowsStandalone target not found
Native extension for WebGL target not found
Refreshing native plugins compatible for Editor in 37.18 ms, found 3 plugins.
Preloading 0 native plugins for Editor in 0.00 ms.
Mono: successfully reloaded assembly
- Completed reload, in  0.919 seconds
Domain Reload Profiling:
	ReloadAssembly (920ms)
		BeginReloadAssembly (117ms)
			ExecutionOrderSort (0ms)
			DisableScriptedObjects (4ms)
			BackupInstance (0ms)
			ReleaseScriptingObjects (0ms)
			CreateAndSetChildDomain (15ms)
		EndReloadAssembly (750ms)
			LoadAssemblies (74ms)
			RebuildTransferFunctionScriptingTraits (0ms)
			SetupTypeCache (238ms)
			ReleaseScriptCaches (0ms)
			RebuildScriptCaches (40ms)
			SetupLoadedEditorAssemblies (281ms)
				LogAssemblyErrors (0ms)
				InitializePlatformSupportModulesInManaged (4ms)
				SetLoadedEditorAssemblies (0ms)
				RefreshPlugins (37ms)
				BeforeProcessingInitializeOnLoad (63ms)
				ProcessInitializeOnLoadAttributes (160ms)
				ProcessInitializeOnLoadMethodAttributes (12ms)
				AfterProcessingInitializeOnLoad (5ms)
				EditorAssembliesLoaded (0ms)
			ExecutionOrderSort2 (0ms)
			AwakeInstancesAfterBackupRestoration (6ms)
Platform modules already initialized, skipping
========================================================================
Worker process is ready to serve import requests
Launched and connected shader compiler UnityShaderCompiler.exe after 0.04 seconds
Refreshing native plugins compatible for Editor in 0.46 ms, found 3 plugins.
Preloading 0 native plugins for Editor in 0.00 ms.
Unloading 2096 Unused Serialized files (Serialized files now loaded: 0)
System memory in use before: 93.3 MB.
System memory in use after: 93.4 MB.

Unloading 26 unused Assets to reduce memory usage. Loaded Objects now: 2536.
Total: 2.986900 ms (FindLiveObjects: 0.205800 ms CreateObjectMapping: 0.050100 ms MarkObjects: 2.667100 ms  DeleteObjects: 0.062800 ms)

AssetImportParameters requested are different than current active one (requested -> active):
  custom:framework-win-MediaFoundation: 216162199b28c13a410421893ffa2e32 -> 
  custom:video-decoder-ogg-theora: a1e56fd34408186e4bbccfd4996cb3dc -> 
  custom:container-muxer-webm: aa71ff27fc2769a1b78a27578f13a17b -> 
  custom:container-demuxer-webm: 4f35f7cbe854078d1ac9338744f61a02 -> 
  custom:container-demuxer-ogg: 62fdf1f143b41e24485cea50d1cbac27 -> 
  custom:video-encoder-webm-vp8: eb34c28f22e8b96e1ab97ce403110664 -> 
  custom:video-decoder-webm-vp8: 9c59270c3fd7afecdb556c50c9e8de78 -> 
  custom:audio-decoder-ogg-vorbis: bf7c407c2cedff20999df2af8eb42d56 -> 
  custom:audio-encoder-webm-vorbis: bf7c407c2cedff20999df2af8eb42d56 -> 
========================================================================
Received Import Request.
  path: Assets/Scripts/Board.cs
  artifactKey: Guid(a3c9461d26fe4c845abf2273d714ef76) Importer(815301076,1909f56bfc062723c751e8b465ee728b)
Start importing Assets/Scripts/Board.cs using Guid(a3c9461d26fe4c845abf2273d714ef76) Importer(815301076,1909f56bfc062723c751e8b465ee728b)  -> (artifact id: '07145e6359edaa90b22531b8a65fa246') in 0.028795 seconds 
  Import took 0.048841 seconds .

========================================================================
Received Import Request.
  Time since last request: 17.202512 seconds.
  path: Assets/Scripts/Board.cs
  artifactKey: Guid(a3c9461d26fe4c845abf2273d714ef76) Importer(815301076,1909f56bfc062723c751e8b465ee728b)
Start importing Assets/Scripts/Board.cs using Guid(a3c9461d26fe4c845abf2273d714ef76) Importer(815301076,1909f56bfc062723c751e8b465ee728b)  -> (artifact id: '2f26bbe7b55268f0647951ded0733e13') in 0.003577 seconds 
  Import took 0.006549 seconds .

========================================================================
Received Import Request.
  Time since last request: 30.997364 seconds.
  path: Assets/Scripts/Board.cs
  artifactKey: Guid(a3c9461d26fe4c845abf2273d714ef76) Importer(815301076,1909f56bfc062723c751e8b465ee728b)
Start importing Assets/Scripts/Board.cs using Guid(a3c9461d26fe4c845abf2273d714ef76) Importer(815301076,1909f56bfc062723c751e8b465ee728b)  -> (artifact id: 'e53bcd9d7b4dd6c36f507473d1087259') in 0.003681 seconds 
  Import took 0.022698 seconds .

========================================================================
Received Import Request.
  Time since last request: 8.889100 seconds.
  path: Assets/Scripts/Board.cs
  artifactKey: Guid(a3c9461d26fe4c845abf2273d714ef76) Importer(815301076,1909f56bfc062723c751e8b465ee728b)
Start importing Assets/Scripts/Board.cs using Guid(a3c9461d26fe4c845abf2273d714ef76) Importer(815301076,1909f56bfc062723c751e8b465ee728b)  -> (artifact id: '937a99f200356395a5555dc359ecbd59') in 0.003918 seconds 
  Import took 0.024861 seconds .

========================================================================
Received Import Request.
  Time since last request: 21.981595 seconds.
  path: Assets/Scripts/Board.cs
  artifactKey: Guid(a3c9461d26fe4c845abf2273d714ef76) Importer(815301076,1909f56bfc062723c751e8b465ee728b)
Start importing Assets/Scripts/Board.cs using Guid(a3c9461d26fe4c845abf2273d714ef76) Importer(815301076,1909f56bfc062723c751e8b465ee728b)  -> (artifact id: '9cd8805af0497b1f8d83fe7699bff59b') in 0.003678 seconds 
  Import took 0.010563 seconds .

========================================================================
Received Import Request.
  Time since last request: 4.338303 seconds.
  path: Assets/Scripts/Board.cs
  artifactKey: Guid(a3c9461d26fe4c845abf2273d714ef76) Importer(815301076,1909f56bfc062723c751e8b465ee728b)
Start importing Assets/Scripts/Board.cs using Guid(a3c9461d26fe4c845abf2273d714ef76) Importer(815301076,1909f56bfc062723c751e8b465ee728b)  -> (artifact id: '34081bad847e3ad9eb3638373a49f3e0') in 0.003901 seconds 
  Import took 0.018476 seconds .

========================================================================
Received Import Request.
  Time since last request: 30.316220 seconds.
  path: Assets/Scripts/Board.cs
  artifactKey: Guid(a3c9461d26fe4c845abf2273d714ef76) Importer(815301076,1909f56bfc062723c751e8b465ee728b)
Start importing Assets/Scripts/Board.cs using Guid(a3c9461d26fe4c845abf2273d714ef76) Importer(815301076,1909f56bfc062723c751e8b465ee728b)  -> (artifact id: '5e20aa24473014908979b47279655d61') in 0.003682 seconds 
  Import took 0.022997 seconds .

========================================================================
Received Import Request.
  Time since last request: 3.547947 seconds.
  path: Assets/Scripts/Board.cs
  artifactKey: Guid(a3c9461d26fe4c845abf2273d714ef76) Importer(815301076,1909f56bfc062723c751e8b465ee728b)
Start importing Assets/Scripts/Board.cs using Guid(a3c9461d26fe4c845abf2273d714ef76) Importer(815301076,1909f56bfc062723c751e8b465ee728b)  -> (artifact id: '27161e03b49331c98684ca1c1c47b6f8') in 0.003608 seconds 
  Import took 0.006671 seconds .

========================================================================
Received Import Request.
  Time since last request: 20.709966 seconds.
  path: Assets/Scripts/Board.cs
  artifactKey: Guid(a3c9461d26fe4c845abf2273d714ef76) Importer(815301076,1909f56bfc062723c751e8b465ee728b)
Start importing Assets/Scripts/Board.cs using Guid(a3c9461d26fe4c845abf2273d714ef76) Importer(815301076,1909f56bfc062723c751e8b465ee728b)  -> (artifact id: '5d473e94006270518fe9940c285f80dd') in 0.003690 seconds 
  Import took 0.014956 seconds .

========================================================================
Received Import Request.
  Time since last request: 15.730875 seconds.
  path: Assets/Scripts/Board.cs
  artifactKey: Guid(a3c9461d26fe4c845abf2273d714ef76) Importer(815301076,1909f56bfc062723c751e8b465ee728b)
Start importing Assets/Scripts/Board.cs using Guid(a3c9461d26fe4c845abf2273d714ef76) Importer(815301076,1909f56bfc062723c751e8b465ee728b)  -> (artifact id: '0caa6d36828063274d05f2dd9e86b0c1') in 0.003859 seconds 
  Import took 0.010912 seconds .

========================================================================
Received Import Request.
  Time since last request: 30.022409 seconds.
  path: Assets/Scripts/Board.cs
  artifactKey: Guid(a3c9461d26fe4c845abf2273d714ef76) Importer(815301076,1909f56bfc062723c751e8b465ee728b)
Start importing Assets/Scripts/Board.cs using Guid(a3c9461d26fe4c845abf2273d714ef76) Importer(815301076,1909f56bfc062723c751e8b465ee728b)  -> (artifact id: '3213de59bbe6e002637429f9be4099b0') in 0.003617 seconds 
  Import took 0.018220 seconds .

========================================================================
Received Import Request.
  Time since last request: 50.928134 seconds.
  path: Assets/Scripts/Board.cs
  artifactKey: Guid(a3c9461d26fe4c845abf2273d714ef76) Importer(815301076,1909f56bfc062723c751e8b465ee728b)
Start importing Assets/Scripts/Board.cs using Guid(a3c9461d26fe4c845abf2273d714ef76) Importer(815301076,1909f56bfc062723c751e8b465ee728b)  -> (artifact id: '4cc9d316eb5107c6d9e38c063a397fdd') in 0.003730 seconds 
  Import took 0.006676 seconds .

========================================================================
Received Import Request.
  Time since last request: 47.161185 seconds.
  path: Assets/Scripts/Board.cs
  artifactKey: Guid(a3c9461d26fe4c845abf2273d714ef76) Importer(815301076,1909f56bfc062723c751e8b465ee728b)
Start importing Assets/Scripts/Board.cs using Guid(a3c9461d26fe4c845abf2273d714ef76) Importer(815301076,1909f56bfc062723c751e8b465ee728b)  -> (artifact id: '2093cd863d1b4cf764722aae526c7ae2') in 0.003688 seconds 
  Import took 0.023047 seconds .

========================================================================
Received Import Request.
  Time since last request: 40.312233 seconds.
  path: Assets/Scripts/Board.cs
  artifactKey: Guid(a3c9461d26fe4c845abf2273d714ef76) Importer(815301076,1909f56bfc062723c751e8b465ee728b)
Start importing Assets/Scripts/Board.cs using Guid(a3c9461d26fe4c845abf2273d714ef76) Importer(815301076,1909f56bfc062723c751e8b465ee728b)  -> (artifact id: 'bf5860948c33890a1aba2a6ff79e10f6') in 0.003399 seconds 
  Import took 0.019948 seconds .

========================================================================
Received Import Request.
  Time since last request: 46.572941 seconds.
  path: Assets/Scripts/Board.cs
  artifactKey: Guid(a3c9461d26fe4c845abf2273d714ef76) Importer(815301076,1909f56bfc062723c751e8b465ee728b)
Start importing Assets/Scripts/Board.cs using Guid(a3c9461d26fe4c845abf2273d714ef76) Importer(815301076,1909f56bfc062723c751e8b465ee728b)  -> (artifact id: 'f3bde686847a61b13257682c3a4d0693') in 0.003962 seconds 
  Import took 0.007081 seconds .

========================================================================
Received Prepare
Registering precompiled user dll's ...
Registered in 0.002152 seconds.
Begin MonoManager ReloadAssembly
Native extension for WindowsStandalone target not found
Native extension for WebGL target not found
Refreshing native plugins compatible for Editor in 0.45 ms, found 3 plugins.
Preloading 0 native plugins for Editor in 0.00 ms.
Mono: successfully reloaded assembly
- Completed reload, in  0.817 seconds
Domain Reload Profiling:
	ReloadAssembly (818ms)
		BeginReloadAssembly (89ms)
			ExecutionOrderSort (0ms)
			DisableScriptedObjects (5ms)
			BackupInstance (0ms)
			ReleaseScriptingObjects (0ms)
			CreateAndSetChildDomain (28ms)
		EndReloadAssembly (677ms)
			LoadAssemblies (73ms)
			RebuildTransferFunctionScriptingTraits (0ms)
			SetupTypeCache (236ms)
			ReleaseScriptCaches (1ms)
			RebuildScriptCaches (37ms)
			SetupLoadedEditorAssemblies (239ms)
				LogAssemblyErrors (0ms)
				InitializePlatformSupportModulesInManaged (5ms)
				SetLoadedEditorAssemblies (0ms)
				RefreshPlugins (0ms)
				BeforeProcessingInitializeOnLoad (66ms)
				ProcessInitializeOnLoadAttributes (159ms)
				ProcessInitializeOnLoadMethodAttributes (5ms)
				AfterProcessingInitializeOnLoad (4ms)
				EditorAssembliesLoaded (0ms)
			ExecutionOrderSort2 (0ms)
			AwakeInstancesAfterBackupRestoration (8ms)
Platform modules already initialized, skipping
Refreshing native plugins compatible for Editor in 0.44 ms, found 3 plugins.
Preloading 0 native plugins for Editor in 0.00 ms.
Unloading 2086 Unused Serialized files (Serialized files now loaded: 0)
System memory in use before: 92.7 MB.
System memory in use after: 92.9 MB.

Unloading 14 unused Assets to reduce memory usage. Loaded Objects now: 2539.
Total: 2.714700 ms (FindLiveObjects: 0.167100 ms CreateObjectMapping: 0.047700 ms MarkObjects: 2.485900 ms  DeleteObjects: 0.012900 ms)

AssetImportParameters requested are different than current active one (requested -> active):
  custom:framework-win-MediaFoundation: 216162199b28c13a410421893ffa2e32 -> 
  custom:video-decoder-ogg-theora: a1e56fd34408186e4bbccfd4996cb3dc -> 
  custom:container-muxer-webm: aa71ff27fc2769a1b78a27578f13a17b -> 
  custom:container-demuxer-webm: 4f35f7cbe854078d1ac9338744f61a02 -> 
  custom:container-demuxer-ogg: 62fdf1f143b41e24485cea50d1cbac27 -> 
  custom:video-encoder-webm-vp8: eb34c28f22e8b96e1ab97ce403110664 -> 
  custom:video-decoder-webm-vp8: 9c59270c3fd7afecdb556c50c9e8de78 -> 
  custom:audio-decoder-ogg-vorbis: bf7c407c2cedff20999df2af8eb42d56 -> 
  custom:audio-encoder-webm-vorbis: bf7c407c2cedff20999df2af8eb42d56 -> 
========================================================================
Received Prepare
Registering precompiled user dll's ...
Registered in 0.002269 seconds.
Begin MonoManager ReloadAssembly
Native extension for WindowsStandalone target not found
Native extension for WebGL target not found
Refreshing native plugins compatible for Editor in 0.46 ms, found 3 plugins.
Preloading 0 native plugins for Editor in 0.00 ms.
Mono: successfully reloaded assembly
- Completed reload, in  0.800 seconds
Domain Reload Profiling:
	ReloadAssembly (801ms)
		BeginReloadAssembly (85ms)
			ExecutionOrderSort (0ms)
			DisableScriptedObjects (5ms)
			BackupInstance (0ms)
			ReleaseScriptingObjects (0ms)
			CreateAndSetChildDomain (28ms)
		EndReloadAssembly (664ms)
			LoadAssemblies (70ms)
			RebuildTransferFunctionScriptingTraits (0ms)
			SetupTypeCache (237ms)
			ReleaseScriptCaches (1ms)
			RebuildScriptCaches (36ms)
			SetupLoadedEditorAssemblies (231ms)
				LogAssemblyErrors (0ms)
				InitializePlatformSupportModulesInManaged (5ms)
				SetLoadedEditorAssemblies (0ms)
				RefreshPlugins (1ms)
				BeforeProcessingInitializeOnLoad (64ms)
				ProcessInitializeOnLoadAttributes (153ms)
				ProcessInitializeOnLoadMethodAttributes (4ms)
				AfterProcessingInitializeOnLoad (4ms)
				EditorAssembliesLoaded (0ms)
			ExecutionOrderSort2 (0ms)
			AwakeInstancesAfterBackupRestoration (8ms)
Platform modules already initialized, skipping
Refreshing native plugins compatible for Editor in 0.43 ms, found 3 plugins.
Preloading 0 native plugins for Editor in 0.00 ms.
Unloading 2086 Unused Serialized files (Serialized files now loaded: 0)
System memory in use before: 92.8 MB.
System memory in use after: 92.9 MB.

Unloading 14 unused Assets to reduce memory usage. Loaded Objects now: 2542.
Total: 2.736200 ms (FindLiveObjects: 0.184800 ms CreateObjectMapping: 0.048300 ms MarkObjects: 2.487100 ms  DeleteObjects: 0.014800 ms)

AssetImportParameters requested are different than current active one (requested -> active):
  custom:framework-win-MediaFoundation: 216162199b28c13a410421893ffa2e32 -> 
  custom:video-decoder-ogg-theora: a1e56fd34408186e4bbccfd4996cb3dc -> 
  custom:container-muxer-webm: aa71ff27fc2769a1b78a27578f13a17b -> 
  custom:container-demuxer-webm: 4f35f7cbe854078d1ac9338744f61a02 -> 
  custom:container-demuxer-ogg: 62fdf1f143b41e24485cea50d1cbac27 -> 
  custom:video-encoder-webm-vp8: eb34c28f22e8b96e1ab97ce403110664 -> 
  custom:video-decoder-webm-vp8: 9c59270c3fd7afecdb556c50c9e8de78 -> 
  custom:audio-decoder-ogg-vorbis: bf7c407c2cedff20999df2af8eb42d56 -> 
  custom:audio-encoder-webm-vorbis: bf7c407c2cedff20999df2af8eb42d56 -> 
